<?xml version="1.0" encoding="UTF-8"?>
<!-- Generated by org.testng.reporters.JUnitXMLReporter -->
<testsuite ignored="4" hostname="Bhaskar" failures="0" tests="1" name="Default test" time="35.479" errors="0" timestamp="2023-09-07T13:40:23 IST">
  <testcase classname="com.myntra.test.MyntraHomeFurnishingsPageTest" name="searchboxTest" time="17.605"/>
  <testcase classname="com.myntra.test.MyntraHomeFurnishingsPageTest" name="removeProductTest" time="0.0">
    <ignored/>
  </testcase> <!-- removeProductTest -->
  <testcase classname="com.myntra.test.MyntraHomeFurnishingsPageTest" name="wishlistTest" time="0.0">
    <ignored/>
  </testcase> <!-- wishlistTest -->
  <testcase classname="com.myntra.test.MyntraHomeFurnishingsPageTest" name="bagTest" time="0.0">
    <ignored/>
  </testcase> <!-- bagTest -->
  <testcase classname="com.myntra.test.MyntraHomeFurnishingsPageTest" name="filtersTest" time="0.0">
    <ignored/>
  </testcase> <!-- filtersTest -->
</testsuite> <!-- Default test -->
