<?xml version="1.0" encoding="UTF-8"?>
<!-- Generated by org.testng.reporters.JUnitXMLReporter -->
<testsuite ignored="0" hostname="Bhaskar" failures="0" tests="5" name="Functional Test" time="153.775" errors="0" timestamp="2023-09-07T13:44:41 IST">
  <testcase classname="com.myntra.test.MyntraHomeFurnishingsPageTest" name="filtersTest" time="7.055"/>
  <testcase classname="com.myntra.test.MyntraHomeFurnishingsPageTest" name="wishlistTest" time="19.329"/>
  <testcase classname="com.myntra.test.MyntraHomeFurnishingsPageTest" name="bagTest" time="21.278"/>
  <testcase classname="com.myntra.test.MyntraHomeFurnishingsPageTest" name="removeProductTest" time="25.685"/>
  <testcase classname="com.myntra.test.MyntraHomeFurnishingsPageTest" name="searchboxTest" time="12.843"/>
</testsuite> <!-- Functional Test -->
