<?xml version="1.0" encoding="UTF-8"?>
<!-- Generated by org.testng.reporters.JUnitXMLReporter -->
<testsuite ignored="0" hostname="Bhaskar" failures="0" tests="4" name="Test" time="140.457" errors="0" timestamp="2023-09-07T12:47:07 IST">
  <testcase classname="com.myntra.test.MyntraHomeFurnishingsPageTest" name="filtersTest" time="8.269"/>
  <testcase classname="com.myntra.test.MyntraHomeFurnishingsPageTest" name="wishlistTest" time="17.806"/>
  <testcase classname="com.myntra.test.MyntraHomeFurnishingsPageTest" name="bagTest" time="33.02"/>
  <testcase classname="com.myntra.test.MyntraHomeFurnishingsPageTest" name="removeProductTest" time="26.371"/>
</testsuite> <!-- Test -->
