<?xml version="1.0" encoding="UTF-8"?>
<!-- Generated by org.testng.reporters.JUnitXMLReporter -->
<testsuite ignored="0" hostname="Bhaskar" failures="0" tests="5" name="Functional Test" time="190.511" errors="0" timestamp="2023-09-07T13:58:48 IST">
  <testcase classname="com.myntra.test.MyntraHomeFurnishingsPageTest" name="filtersTest" time="8.353"/>
  <testcase classname="com.myntra.test.MyntraHomeFurnishingsPageTest" name="wishlistTest" time="24.06"/>
  <testcase classname="com.myntra.test.MyntraHomeFurnishingsPageTest" name="bagTest" time="26.072"/>
  <testcase classname="com.myntra.test.MyntraHomeFurnishingsPageTest" name="removeProductTest" time="25.909"/>
  <testcase classname="com.myntra.test.MyntraHomeFurnishingsPageTest" name="searchboxTest" time="20.218"/>
</testsuite> <!-- Functional Test -->
