<?xml version="1.0" encoding="UTF-8"?>
<testsuite xmlns:xsi="http://www.w3.org/2001/XMLSchema-instance" xsi:noNamespaceSchemaLocation="https://maven.apache.org/surefire/maven-surefire-plugin/xsd/surefire-test-report-3.0.xsd" version="3.0" name="TestSuite" time="192.806" tests="5" errors="0" skipped="0" failures="0">
  <properties>
[...]
</properties>
  <testcase name="filtersTest" classname="com.myntra.test.MyntraHomeFurnishingsPageTest" time="8.344">
    <system-out><![CDATA[Functional Test Execution Started 
filtersTest Started 
Home Furnishings Page is Verified
Categories search icon clicked
Search input for categories sent
Category checkbox selected
Brand search icon clicked
Search input for brand sent
Brand checkbox selected
Brand name verified
filtersTest Passed 
]]></system-out>
    <system-err><![CDATA[Starting ChromeDriver 116.0.5845.96 (1a391816688002153ef791ffe60d9e899a71a037-refs/branch-heads/5845@{#1382}) on port 47526
Only local connections are allowed.
Please see https://chromedriver.chromium.org/security-considerations for suggestions on keeping ChromeDriver safe.
ChromeDriver was started successfully.
Sep 07, 2023 1:55:43 PM org.openqa.selenium.remote.ProtocolHandshake createSession
INFO: Detected dialect: W3C
]]></system-err>
  </testcase>
  <testcase name="wishlistTest" classname="com.myntra.test.MyntraHomeFurnishingsPageTest" time="24.001">
    <system-out><![CDATA[wishlistTest Started 
Home Furnishings Page is Verified
Categories search icon clicked
Search input for categories sent
Category checkbox selected
Brand search icon clicked
Search input for brand sent
Brand checkbox selected
Clicked on first product
Wishlist button clicked
Login Page verified
wishlistTest Passed 
]]></system-out>
    <system-err><![CDATA[Starting ChromeDriver 116.0.5845.96 (1a391816688002153ef791ffe60d9e899a71a037-refs/branch-heads/5845@{#1382}) on port 8434
Only local connections are allowed.
Please see https://chromedriver.chromium.org/security-considerations for suggestions on keeping ChromeDriver safe.
ChromeDriver was started successfully.
Sep 07, 2023 1:56:09 PM org.openqa.selenium.remote.ProtocolHandshake createSession
INFO: Detected dialect: W3C
]]></system-err>
  </testcase>
  <testcase name="bagTest" classname="com.myntra.test.MyntraHomeFurnishingsPageTest" time="26.067">
    <system-out><![CDATA[bagTest Started 
Home Furnishings Page is Verified
Categories search icon clicked
Search input for categories sent
Category checkbox selected
Brand search icon clicked
Search input for brand sent
Brand checkbox selected
Clicked on first product
Add to bag button clicked
Bag icon clicked
Ok, Got it clicked
Product present in bag verified
bagTest Passed 
]]></system-out>
    <system-err><![CDATA[Starting ChromeDriver 116.0.5845.96 (1a391816688002153ef791ffe60d9e899a71a037-refs/branch-heads/5845@{#1382}) on port 46290
Only local connections are allowed.
Please see https://chromedriver.chromium.org/security-considerations for suggestions on keeping ChromeDriver safe.
ChromeDriver was started successfully.
Sep 07, 2023 1:56:48 PM org.openqa.selenium.remote.ProtocolHandshake createSession
INFO: Detected dialect: W3C
]]></system-err>
  </testcase>
  <testcase name="removeProductTest" classname="com.myntra.test.MyntraHomeFurnishingsPageTest" time="25.869">
    <system-out><![CDATA[removeProductTest Started 
Home Furnishings Page is Verified
Categories search icon clicked
Search input for categories sent
Category checkbox selected
Brand search icon clicked
Search input for brand sent
Brand checkbox selected
Clicked on first product
Add to bag button clicked
Bag icon clicked
Ok, Got it clicked
Product present in bag verified
Remove button on bag page clicked
Remove button on dialog clicked
Bag is empty verified
removeProductTest Passed 
]]></system-out>
    <system-err><![CDATA[Starting ChromeDriver 116.0.5845.96 (1a391816688002153ef791ffe60d9e899a71a037-refs/branch-heads/5845@{#1382}) on port 48750
Only local connections are allowed.
Please see https://chromedriver.chromium.org/security-considerations for suggestions on keeping ChromeDriver safe.
ChromeDriver was started successfully.
Sep 07, 2023 1:57:32 PM org.openqa.selenium.remote.ProtocolHandshake createSession
INFO: Detected dialect: W3C
]]></system-err>
  </testcase>
  <testcase name="searchboxTest" classname="com.myntra.test.MyntraHomeFurnishingsPageTest" time="20.153">
    <system-out><![CDATA[searchboxTest Started 
Home Furnishings Page is Verified
Search input for search box sent
Search input submitted
Clicked on first product
Product name is same verified
searchboxTest Passed 
]]></system-out>
    <system-err><![CDATA[Starting ChromeDriver 116.0.5845.96 (1a391816688002153ef791ffe60d9e899a71a037-refs/branch-heads/5845@{#1382}) on port 29622
Only local connections are allowed.
Please see https://chromedriver.chromium.org/security-considerations for suggestions on keeping ChromeDriver safe.
ChromeDriver was started successfully.
Sep 07, 2023 1:58:13 PM org.openqa.selenium.remote.ProtocolHandshake createSession
INFO: Detected dialect: W3C
]]></system-err>
  </testcase>
</testsuite>